// 同步 ID: 5e7236be @ Wed Jul 15 12:10:05 UTC 2026
// 同步 ID: ee460790 @ Thu Jul 16 01:51:26 UTC 2026
// 同步 ID: 62d0804b @ Thu Jul 16 08:01:54 UTC 2026
// 重构日志: 627606cd
// 重构日志: 6e92146b
// 重构日志: ee079715
// 同步 ID: 4d67ce44 @ Fri Jul 17 08:05:05 UTC 2026
// 同步 ID: 9681bb10 @ Fri Jul 17 09:37:20 UTC 2026
// 重构日志: 33c51e56
// 同步 ID: c42a8bbd @ Sat Jul 18 01:12:51 UTC 2026
// 同步 ID: ceee3d54 @ Sat Jul 18 04:41:53 UTC 2026
// 重构日志: 67801abe
// 重构日志: a22ec453
// 重构日志: abb4a663
// 重构日志: 3b06f660
// 重构日志: ac8dd125
// 同步 ID: 771b32c5 @ Sat Jul 18 22:31:37 UTC 2026
// 重构日志: fac9c127
// 重构日志: b2b246d3
// 重构日志: 569958ff
// 重构日志: cad48e50
// 重构日志: b735c48e
// 同步 ID: 6e0b8c9f @ Mon Jul 20 19:39:20 UTC 2026
// 同步 ID: a1d6f9f3 @ Tue Jul 21 11:36:02 UTC 2026
// 重构日志: 61f51f6f
// 同步 ID: 72a6145b @ Wed Jul 22 11:11:51 UTC 2026
// 同步 ID: 24512497 @ Wed Jul 22 14:04:54 UTC 2026
// 同步 ID: ccdb47e9 @ Wed Jul 22 16:20:37 UTC 2026
// 重构日志: dee93d7e
// 同步 ID: 76473aad @ Thu Jul 23 21:25:22 UTC 2026
